{"level":"warn","message":"Company registration validation failed: \"confirmPassword\" is required","service":"admin-service","timestamp":"2025-12-22T22:12:00.043Z"}
{"level":"warn","message":"Company registration validation failed: \"confirmPassword\" is required","service":"admin-service","timestamp":"2025-12-22T22:12:54.265Z"}
{"level":"warn","message":"Company registration validation failed: \"confirmPassword\" is required","service":"admin-service","timestamp":"2025-12-22T22:32:39.290Z"}
{"level":"warn","message":"Email service not configured - verification email not sent","service":"admin-service","timestamp":"2025-12-22T22:52:27.884Z"}
{"level":"info","message":"Company registered successfully: aptech (wisdomokorafor11@gmail.com)","service":"admin-service","timestamp":"2025-12-22T22:52:27.886Z"}
{"level":"warn","message":"Email service not configured - verification email not sent","service":"admin-service","timestamp":"2025-12-23T03:14:11.785Z"}
{"level":"info","message":"Company registered successfully: aptech (wisdomokorafor11@gmail.com)","service":"admin-service","timestamp":"2025-12-23T03:14:11.787Z"}
{"level":"info","message":"Verification email sent to testcompany@example.com for company Test Company","service":"admin-service","timestamp":"2025-12-23T06:03:35.517Z"}
{"level":"info","message":"Company registered successfully: Test Company (testcompany@example.com)","service":"admin-service","timestamp":"2025-12-23T06:03:35.519Z"}
{"level":"warn","message":"Company registration validation failed: \"address\" length must be at least 10 characters long","service":"admin-service","timestamp":"2025-12-23T06:06:28.780Z"}
{"level":"warn","message":"Company registration validation failed: \"address\" length must be at least 10 characters long","service":"admin-service","timestamp":"2025-12-23T06:06:55.163Z"}
{"level":"warn","message":"Company registration validation failed: \"address\" length must be at least 10 characters long","service":"admin-service","timestamp":"2025-12-23T06:06:56.944Z"}
{"level":"warn","message":"Company registration validation failed: \"address\" length must be at least 10 characters long","service":"admin-service","timestamp":"2025-12-23T06:07:43.192Z"}
{"level":"warn","message":"Company registration validation failed: \"address\" length must be at least 10 characters long","service":"admin-service","timestamp":"2025-12-23T06:07:44.601Z"}
{"level":"info","message":"Verification email sent to testcompany2@example.com for company Test Company","service":"admin-service","timestamp":"2025-12-23T06:08:21.735Z"}
{"level":"info","message":"Company registered successfully: Test Company (testcompany2@example.com)","service":"admin-service","timestamp":"2025-12-23T06:08:21.735Z"}
{"level":"warn","message":"Company registration validation failed: \"address\" length must be at least 10 characters long","service":"admin-service","timestamp":"2025-12-23T06:12:31.459Z"}
{"level":"info","message":"Verification email sent to frontendtest@example.com for company Frontend Test Company","service":"admin-service","timestamp":"2025-12-23T06:14:04.949Z"}
{"level":"info","message":"Company registered successfully: Frontend Test Company (frontendtest@example.com)","service":"admin-service","timestamp":"2025-12-23T06:14:04.950Z"}
{"level":"warn","message":"Company registration validation failed: \"address\" length must be at least 10 characters long","service":"admin-service","timestamp":"2025-12-23T06:20:52.942Z"}
{"level":"warn","message":"Company registration attempt with existing email: frontendtest@example.com","service":"admin-service","timestamp":"2025-12-23T06:24:20.081Z"}
{"level":"warn","message":"Company registration validation failed: \"address\" length must be at least 10 characters long","service":"admin-service","timestamp":"2025-12-23T06:30:12.701Z"}
{"level":"warn","message":"Company registration validation failed: \"address\" length must be at least 10 characters long","service":"admin-service","timestamp":"2025-12-23T07:05:57.959Z"}
{"level":"info","message":"Verification email sent to chiokk223@gmail.com for company aptech","service":"admin-service","timestamp":"2025-12-23T07:06:37.011Z"}
{"level":"info","message":"Company registered successfully: aptech (chiokk223@gmail.com)","service":"admin-service","timestamp":"2025-12-23T07:06:37.015Z"}
{"level":"info","message":"Company verified successfully: aptech (chiokk223@gmail.com)","service":"admin-service","timestamp":"2025-12-23T07:07:45.551Z"}
{"level":"info","message":"Verification email sent to wisdomokorafor11@gmail.com for company aptech","service":"admin-service","timestamp":"2025-12-23T18:54:07.740Z"}
{"level":"info","message":"Company registered successfully: aptech (wisdomokorafor11@gmail.com)","service":"admin-service","timestamp":"2025-12-23T18:54:07.741Z"}
{"level":"info","message":"Company verified successfully: aptech (wisdomokorafor11@gmail.com)","service":"admin-service","timestamp":"2025-12-23T18:54:47.576Z"}
{"level":"info","message":"Verification email sent to wizzy555okorafor@gmail.com for company chisomfy","service":"admin-service","timestamp":"2026-01-02T11:22:11.777Z"}
{"level":"info","message":"Company registered successfully: chisomfy (wizzy555okorafor@gmail.com)","service":"admin-service","timestamp":"2026-01-02T11:22:11.780Z"}
{"level":"info","message":"Company verified successfully: chisomfy (wizzy555okorafor@gmail.com)","service":"admin-service","timestamp":"2026-01-02T11:23:00.954Z"}
{"level":"info","message":"Verification email sent to wizzy555okorafor@gmail.com for company chisomfy","service":"admin-service","timestamp":"2026-01-02T11:54:59.112Z"}
{"level":"info","message":"Company registered successfully: chisomfy (wizzy555okorafor@gmail.com)","service":"admin-service","timestamp":"2026-01-02T11:54:59.113Z"}
{"level":"info","message":"Company verified successfully: chisomfy (wizzy555okorafor@gmail.com)","service":"admin-service","timestamp":"2026-01-02T11:55:36.880Z"}
{"level":"info","message":"Verification email sent to wizzy555okorafor@gmail.com for company chisomfy","service":"admin-service","timestamp":"2026-01-10T11:16:40.641Z"}
{"level":"info","message":"Company registered successfully: chisomfy (wizzy555okorafor@gmail.com)","service":"admin-service","timestamp":"2026-01-10T11:16:40.641Z"}
{"level":"info","message":"Company verified successfully: chisomfy (wizzy555okorafor@gmail.com)","service":"admin-service","timestamp":"2026-01-10T11:17:05.682Z"}
{"level":"info","message":"Verification email sent to wizzy555okorafor@gmail.com for company aptech","service":"admin-service","timestamp":"2026-01-29T20:10:47.446Z"}
{"level":"info","message":"Company registered successfully: aptech (wizzy555okorafor@gmail.com)","service":"admin-service","timestamp":"2026-01-29T20:10:47.447Z"}
{"level":"info","message":"Company verified successfully: aptech (wizzy555okorafor@gmail.com)","service":"admin-service","timestamp":"2026-01-29T20:11:08.671Z"}
{"level":"info","message":"Verification email sent to dnwosu455@gmail.com for company Aptech","service":"admin-service","timestamp":"2026-01-30T13:45:16.827Z"}
{"level":"info","message":"Company registered successfully: Aptech (dnwosu455@gmail.com)","service":"admin-service","timestamp":"2026-01-30T13:45:16.828Z"}
{"level":"info","message":"Company verified successfully: Aptech (dnwosu455@gmail.com)","service":"admin-service","timestamp":"2026-01-30T13:45:40.218Z"}
{"level":"warn","message":"Company registration validation failed: \"name\" is required, \"email\" is required, \"password\" is required, \"confirmPassword\" is required, \"contactPerson\" is required, \"phone\" is required, \"address\" is required","service":"admin-service","timestamp":"2026-03-09T12:05:07.380Z"}
{"level":"warn","message":"Company registration validation failed: \"name\" is required, \"email\" is required, \"password\" is required, \"confirmPassword\" is required, \"contactPerson\" is required, \"phone\" is required, \"address\" is required","service":"admin-service","timestamp":"2026-03-09T12:05:10.430Z"}
{"level":"info","message":"Verification email sent to wizzy555okorafor@gmail.com for company chisomfy","service":"admin-service","timestamp":"2026-03-09T12:36:56.691Z"}
{"level":"info","message":"Company registered successfully: chisomfy (wizzy555okorafor@gmail.com)","service":"admin-service","timestamp":"2026-03-09T12:36:56.703Z"}
{"level":"info","message":"Company verified successfully: chisomfy (wizzy555okorafor@gmail.com)","service":"admin-service","timestamp":"2026-03-09T12:37:31.685Z"}
{"level":"info","message":"Verification email sent to chisomwork17@gmail.com for company APTECH","service":"admin-service","timestamp":"2026-03-10T10:15:21.592Z"}
{"level":"info","message":"Company registered successfully: APTECH (chisomwork17@gmail.com)","service":"admin-service","timestamp":"2026-03-10T10:15:21.592Z"}
{"level":"info","message":"Company verified successfully: APTECH (chisomwork17@gmail.com)","service":"admin-service","timestamp":"2026-03-10T10:16:25.647Z"}
{"level":"error","message":"Failed to send verification email to chisomwork17@gmail.com: Email sending failed: queryA ETIMEOUT smtp.gmail.com","service":"admin-service","timestamp":"2026-03-11T12:58:37.588Z"}
{"level":"info","message":"Company registered successfully: APTECH (chisomwork17@gmail.com)","service":"admin-service","timestamp":"2026-03-11T12:58:37.589Z"}
{"level":"info","message":"Company verified successfully: APTECH (chisomwork17@gmail.com)","service":"admin-service","timestamp":"2026-03-11T13:02:42.403Z"}
