{"level":"info","message":"Server running on port 5000","service":"psp-backend","timestamp":"2025-12-01T13:52:55.417Z"}
{"errorLabelSet":{},"level":"error","message":"MongoDB connection error: options usenewurlparser, useunifiedtopology are not supported","service":"psp-backend","stack":"MongoParseError: options usenewurlparser, useunifiedtopology are not supported\n    at parseOptions (C:\\Users\\HP\\Desktop\\psp website\\backend\\node_modules\\mongodb\\lib\\connection_string.js:272:15)\n    at new MongoClient (C:\\Users\\HP\\Desktop\\psp website\\backend\\node_modules\\mongodb\\lib\\mongo_client.js:67:61)\n    at NativeConnection.createClient (C:\\Users\\HP\\Desktop\\psp website\\backend\\node_modules\\mongoose\\lib\\drivers\\node-mongodb-native\\connection.js:336:14)\n    at NativeConnection.openUri (C:\\Users\\HP\\Desktop\\psp website\\backend\\node_modules\\mongoose\\lib\\connection.js:1075:34)\n    at Mongoose.connect (C:\\Users\\HP\\Desktop\\psp website\\backend\\node_modules\\mongoose\\lib\\mongoose.js:451:15)\n    at Object.<anonymous> (C:\\Users\\HP\\Desktop\\psp website\\backend\\server.js:40:10)\n    at Module._compile (node:internal/modules/cjs/loader:1761:14)\n    at Object..js (node:internal/modules/cjs/loader:1893:10)\n    at Module.load (node:internal/modules/cjs/loader:1481:32)\n    at Module._load (node:internal/modules/cjs/loader:1300:12)","timestamp":"2025-12-01T13:52:55.423Z"}
{"level":"info","message":"Server running on port 5000","service":"psp-backend","timestamp":"2025-12-02T10:46:35.905Z"}
{"errorLabelSet":{},"level":"error","message":"MongoDB connection error: options usenewurlparser, useunifiedtopology are not supported","service":"psp-backend","stack":"MongoParseError: options usenewurlparser, useunifiedtopology are not supported\n    at parseOptions (C:\\Users\\HP\\Desktop\\psp website\\backend\\node_modules\\mongodb\\lib\\connection_string.js:272:15)\n    at new MongoClient (C:\\Users\\HP\\Desktop\\psp website\\backend\\node_modules\\mongodb\\lib\\mongo_client.js:67:61)\n    at NativeConnection.createClient (C:\\Users\\HP\\Desktop\\psp website\\backend\\node_modules\\mongoose\\lib\\drivers\\node-mongodb-native\\connection.js:336:14)\n    at NativeConnection.openUri (C:\\Users\\HP\\Desktop\\psp website\\backend\\node_modules\\mongoose\\lib\\connection.js:1075:34)\n    at Mongoose.connect (C:\\Users\\HP\\Desktop\\psp website\\backend\\node_modules\\mongoose\\lib\\mongoose.js:451:15)\n    at Object.<anonymous> (C:\\Users\\HP\\Desktop\\psp website\\backend\\server.js:40:10)\n    at Module._compile (node:internal/modules/cjs/loader:1761:14)\n    at Object..js (node:internal/modules/cjs/loader:1893:10)\n    at Module.load (node:internal/modules/cjs/loader:1481:32)\n    at Module._load (node:internal/modules/cjs/loader:1300:12)","timestamp":"2025-12-02T10:46:35.921Z"}
{"level":"info","message":"Server running on port 5000","service":"psp-backend","timestamp":"2025-12-03T20:09:04.066Z"}
{"errorLabelSet":{},"level":"error","message":"MongoDB connection error: options usenewurlparser, useunifiedtopology are not supported","service":"psp-backend","stack":"MongoParseError: options usenewurlparser, useunifiedtopology are not supported\n    at parseOptions (C:\\Users\\HP\\Desktop\\psp website\\backend\\node_modules\\mongodb\\lib\\connection_string.js:272:15)\n    at new MongoClient (C:\\Users\\HP\\Desktop\\psp website\\backend\\node_modules\\mongodb\\lib\\mongo_client.js:67:61)\n    at NativeConnection.createClient (C:\\Users\\HP\\Desktop\\psp website\\backend\\node_modules\\mongoose\\lib\\drivers\\node-mongodb-native\\connection.js:336:14)\n    at NativeConnection.openUri (C:\\Users\\HP\\Desktop\\psp website\\backend\\node_modules\\mongoose\\lib\\connection.js:1075:34)\n    at Mongoose.connect (C:\\Users\\HP\\Desktop\\psp website\\backend\\node_modules\\mongoose\\lib\\mongoose.js:451:15)\n    at Object.<anonymous> (C:\\Users\\HP\\Desktop\\psp website\\backend\\server.js:40:10)\n    at Module._compile (node:internal/modules/cjs/loader:1761:14)\n    at Object..js (node:internal/modules/cjs/loader:1893:10)\n    at Module.load (node:internal/modules/cjs/loader:1481:32)\n    at Module._load (node:internal/modules/cjs/loader:1300:12)","timestamp":"2025-12-03T20:09:04.073Z"}
{"level":"info","message":"Server running on port 5000","service":"psp-backend","timestamp":"2025-12-03T20:22:49.195Z"}
{"errorLabelSet":{},"level":"error","message":"MongoDB connection error: options usenewurlparser, useunifiedtopology are not supported","service":"psp-backend","stack":"MongoParseError: options usenewurlparser, useunifiedtopology are not supported\n    at parseOptions (C:\\Users\\HP\\Desktop\\psp website\\backend\\node_modules\\mongodb\\lib\\connection_string.js:272:15)\n    at new MongoClient (C:\\Users\\HP\\Desktop\\psp website\\backend\\node_modules\\mongodb\\lib\\mongo_client.js:67:61)\n    at NativeConnection.createClient (C:\\Users\\HP\\Desktop\\psp website\\backend\\node_modules\\mongoose\\lib\\drivers\\node-mongodb-native\\connection.js:336:14)\n    at NativeConnection.openUri (C:\\Users\\HP\\Desktop\\psp website\\backend\\node_modules\\mongoose\\lib\\connection.js:1075:34)\n    at Mongoose.connect (C:\\Users\\HP\\Desktop\\psp website\\backend\\node_modules\\mongoose\\lib\\mongoose.js:451:15)\n    at Object.<anonymous> (C:\\Users\\HP\\Desktop\\psp website\\backend\\server.js:40:10)\n    at Module._compile (node:internal/modules/cjs/loader:1761:14)\n    at Object..js (node:internal/modules/cjs/loader:1893:10)\n    at Module.load (node:internal/modules/cjs/loader:1481:32)\n    at Module._load (node:internal/modules/cjs/loader:1300:12)","timestamp":"2025-12-03T20:22:49.203Z"}
{"level":"info","message":"Server running on port 5000","service":"psp-backend","timestamp":"2025-12-03T20:33:58.950Z"}
{"errorLabelSet":{},"level":"error","message":"MongoDB connection error: options usenewurlparser, useunifiedtopology are not supported","service":"psp-backend","stack":"MongoParseError: options usenewurlparser, useunifiedtopology are not supported\n    at parseOptions (C:\\Users\\HP\\Desktop\\psp website\\backend\\node_modules\\mongodb\\lib\\connection_string.js:272:15)\n    at new MongoClient (C:\\Users\\HP\\Desktop\\psp website\\backend\\node_modules\\mongodb\\lib\\mongo_client.js:67:61)\n    at NativeConnection.createClient (C:\\Users\\HP\\Desktop\\psp website\\backend\\node_modules\\mongoose\\lib\\drivers\\node-mongodb-native\\connection.js:336:14)\n    at NativeConnection.openUri (C:\\Users\\HP\\Desktop\\psp website\\backend\\node_modules\\mongoose\\lib\\connection.js:1075:34)\n    at Mongoose.connect (C:\\Users\\HP\\Desktop\\psp website\\backend\\node_modules\\mongoose\\lib\\mongoose.js:451:15)\n    at Object.<anonymous> (C:\\Users\\HP\\Desktop\\psp website\\backend\\server.js:40:10)\n    at Module._compile (node:internal/modules/cjs/loader:1761:14)\n    at Object..js (node:internal/modules/cjs/loader:1893:10)\n    at Module.load (node:internal/modules/cjs/loader:1481:32)\n    at Module._load (node:internal/modules/cjs/loader:1300:12)","timestamp":"2025-12-03T20:33:58.956Z"}
{"level":"info","message":"Server running on port 5000","service":"psp-backend","timestamp":"2025-12-03T20:37:43.825Z"}
{"errorLabelSet":{},"level":"error","message":"MongoDB connection error: options usenewurlparser, useunifiedtopology are not supported","service":"psp-backend","stack":"MongoParseError: options usenewurlparser, useunifiedtopology are not supported\n    at parseOptions (C:\\Users\\HP\\Desktop\\psp website\\backend\\node_modules\\mongodb\\lib\\connection_string.js:272:15)\n    at new MongoClient (C:\\Users\\HP\\Desktop\\psp website\\backend\\node_modules\\mongodb\\lib\\mongo_client.js:67:61)\n    at NativeConnection.createClient (C:\\Users\\HP\\Desktop\\psp website\\backend\\node_modules\\mongoose\\lib\\drivers\\node-mongodb-native\\connection.js:336:14)\n    at NativeConnection.openUri (C:\\Users\\HP\\Desktop\\psp website\\backend\\node_modules\\mongoose\\lib\\connection.js:1075:34)\n    at Mongoose.connect (C:\\Users\\HP\\Desktop\\psp website\\backend\\node_modules\\mongoose\\lib\\mongoose.js:451:15)\n    at Object.<anonymous> (C:\\Users\\HP\\Desktop\\psp website\\backend\\server.js:40:10)\n    at Module._compile (node:internal/modules/cjs/loader:1761:14)\n    at Object..js (node:internal/modules/cjs/loader:1893:10)\n    at Module.load (node:internal/modules/cjs/loader:1481:32)\n    at Module._load (node:internal/modules/cjs/loader:1300:12)","timestamp":"2025-12-03T20:37:43.830Z"}
{"level":"info","message":"Server running on port 5000","service":"psp-backend","timestamp":"2025-12-04T13:38:00.023Z"}
{"errorLabelSet":{},"level":"error","message":"MongoDB connection error: options usenewurlparser, useunifiedtopology are not supported","service":"psp-backend","stack":"MongoParseError: options usenewurlparser, useunifiedtopology are not supported\n    at parseOptions (C:\\Users\\HP\\Desktop\\psp website\\backend\\node_modules\\mongodb\\lib\\connection_string.js:272:15)\n    at new MongoClient (C:\\Users\\HP\\Desktop\\psp website\\backend\\node_modules\\mongodb\\lib\\mongo_client.js:67:61)\n    at NativeConnection.createClient (C:\\Users\\HP\\Desktop\\psp website\\backend\\node_modules\\mongoose\\lib\\drivers\\node-mongodb-native\\connection.js:336:14)\n    at NativeConnection.openUri (C:\\Users\\HP\\Desktop\\psp website\\backend\\node_modules\\mongoose\\lib\\connection.js:1075:34)\n    at Mongoose.connect (C:\\Users\\HP\\Desktop\\psp website\\backend\\node_modules\\mongoose\\lib\\mongoose.js:451:15)\n    at Object.<anonymous> (C:\\Users\\HP\\Desktop\\psp website\\backend\\server.js:40:10)\n    at Module._compile (node:internal/modules/cjs/loader:1761:14)\n    at Object..js (node:internal/modules/cjs/loader:1893:10)\n    at Module.load (node:internal/modules/cjs/loader:1481:32)\n    at Module._load (node:internal/modules/cjs/loader:1300:12)","timestamp":"2025-12-04T13:38:00.052Z"}
{"level":"info","message":"Server running on port 5000","service":"psp-backend","timestamp":"2025-12-04T13:41:06.138Z"}
{"errorLabelSet":{},"level":"error","message":"MongoDB connection error: options usenewurlparser, useunifiedtopology are not supported","service":"psp-backend","stack":"MongoParseError: options usenewurlparser, useunifiedtopology are not supported\n    at parseOptions (C:\\Users\\HP\\Desktop\\psp website\\backend\\node_modules\\mongodb\\lib\\connection_string.js:272:15)\n    at new MongoClient (C:\\Users\\HP\\Desktop\\psp website\\backend\\node_modules\\mongodb\\lib\\mongo_client.js:67:61)\n    at NativeConnection.createClient (C:\\Users\\HP\\Desktop\\psp website\\backend\\node_modules\\mongoose\\lib\\drivers\\node-mongodb-native\\connection.js:336:14)\n    at NativeConnection.openUri (C:\\Users\\HP\\Desktop\\psp website\\backend\\node_modules\\mongoose\\lib\\connection.js:1075:34)\n    at Mongoose.connect (C:\\Users\\HP\\Desktop\\psp website\\backend\\node_modules\\mongoose\\lib\\mongoose.js:451:15)\n    at Object.<anonymous> (C:\\Users\\HP\\Desktop\\psp website\\backend\\server.js:40:10)\n    at Module._compile (node:internal/modules/cjs/loader:1761:14)\n    at Object..js (node:internal/modules/cjs/loader:1893:10)\n    at Module.load (node:internal/modules/cjs/loader:1481:32)\n    at Module._load (node:internal/modules/cjs/loader:1300:12)","timestamp":"2025-12-04T13:41:06.144Z"}
{"errorLabelSet":{},"level":"error","message":"MongoDB connection error: options usenewurlparser, useunifiedtopology are not supported","service":"psp-backend","stack":"MongoParseError: options usenewurlparser, useunifiedtopology are not supported\n    at parseOptions (C:\\Users\\HP\\Desktop\\psp website\\backend\\node_modules\\mongodb\\lib\\connection_string.js:272:15)\n    at new MongoClient (C:\\Users\\HP\\Desktop\\psp website\\backend\\node_modules\\mongodb\\lib\\mongo_client.js:67:61)\n    at NativeConnection.createClient (C:\\Users\\HP\\Desktop\\psp website\\backend\\node_modules\\mongoose\\lib\\drivers\\node-mongodb-native\\connection.js:336:14)\n    at NativeConnection.openUri (C:\\Users\\HP\\Desktop\\psp website\\backend\\node_modules\\mongoose\\lib\\connection.js:1075:34)\n    at Mongoose.connect (C:\\Users\\HP\\Desktop\\psp website\\backend\\node_modules\\mongoose\\lib\\mongoose.js:451:15)\n    at file:///C:/Users/HP/Desktop/psp%20website/backend/server.js:69:10\n    at ModuleJob.run (node:internal/modules/esm/module_job:377:25)\n    at async onImport.tracePromise.__proto__ (node:internal/modules/esm/loader:671:26)\n    at async asyncRunEntryPointWithESMLoader (node:internal/modules/run_main:101:5)","timestamp":"2025-12-13T18:31:41.418Z"}
{"level":"info","message":"Server running on port 5000","service":"psp-backend","timestamp":"2025-12-13T18:31:41.431Z"}
{"errorLabelSet":{},"level":"error","message":"MongoDB connection error: options usenewurlparser, useunifiedtopology are not supported","service":"psp-backend","stack":"MongoParseError: options usenewurlparser, useunifiedtopology are not supported\n    at parseOptions (C:\\Users\\HP\\Desktop\\psp website\\backend\\node_modules\\mongodb\\lib\\connection_string.js:272:15)\n    at new MongoClient (C:\\Users\\HP\\Desktop\\psp website\\backend\\node_modules\\mongodb\\lib\\mongo_client.js:67:61)\n    at NativeConnection.createClient (C:\\Users\\HP\\Desktop\\psp website\\backend\\node_modules\\mongoose\\lib\\drivers\\node-mongodb-native\\connection.js:336:14)\n    at NativeConnection.openUri (C:\\Users\\HP\\Desktop\\psp website\\backend\\node_modules\\mongoose\\lib\\connection.js:1075:34)\n    at Mongoose.connect (C:\\Users\\HP\\Desktop\\psp website\\backend\\node_modules\\mongoose\\lib\\mongoose.js:451:15)\n    at file:///C:/Users/HP/Desktop/psp%20website/backend/server.js:69:10\n    at ModuleJob.run (node:internal/modules/esm/module_job:377:25)\n    at async onImport.tracePromise.__proto__ (node:internal/modules/esm/loader:671:26)\n    at async asyncRunEntryPointWithESMLoader (node:internal/modules/run_main:101:5)","timestamp":"2025-12-13T18:32:37.276Z"}
{"level":"info","message":"Server running on port 5000","service":"psp-backend","timestamp":"2025-12-13T18:32:37.283Z"}
{"errorLabelSet":{},"level":"error","message":"MongoDB connection error: options usenewurlparser, useunifiedtopology are not supported","service":"psp-backend","stack":"MongoParseError: options usenewurlparser, useunifiedtopology are not supported\n    at parseOptions (C:\\Users\\HP\\Desktop\\psp website\\backend\\node_modules\\mongodb\\lib\\connection_string.js:272:15)\n    at new MongoClient (C:\\Users\\HP\\Desktop\\psp website\\backend\\node_modules\\mongodb\\lib\\mongo_client.js:67:61)\n    at NativeConnection.createClient (C:\\Users\\HP\\Desktop\\psp website\\backend\\node_modules\\mongoose\\lib\\drivers\\node-mongodb-native\\connection.js:336:14)\n    at NativeConnection.openUri (C:\\Users\\HP\\Desktop\\psp website\\backend\\node_modules\\mongoose\\lib\\connection.js:1075:34)\n    at Mongoose.connect (C:\\Users\\HP\\Desktop\\psp website\\backend\\node_modules\\mongoose\\lib\\mongoose.js:451:15)\n    at file:///C:/Users/HP/Desktop/psp%20website/backend/server.js:69:10\n    at ModuleJob.run (node:internal/modules/esm/module_job:377:25)\n    at async onImport.tracePromise.__proto__ (node:internal/modules/esm/loader:671:26)\n    at async asyncRunEntryPointWithESMLoader (node:internal/modules/run_main:101:5)","timestamp":"2025-12-13T18:39:09.314Z"}
{"level":"info","message":"Server running on port 5000","service":"psp-backend","timestamp":"2025-12-13T18:39:09.320Z"}
{"level":"info","message":"Server running on port 5000","service":"psp-backend","timestamp":"2025-12-13T18:40:20.798Z"}
{"level":"info","message":"Connected to MongoDB","service":"psp-backend","timestamp":"2025-12-13T18:40:20.874Z"}
{"level":"info","message":"Server running on port 5000","service":"psp-backend","timestamp":"2025-12-13T18:42:08.793Z"}
{"level":"info","message":"Connected to MongoDB","service":"psp-backend","timestamp":"2025-12-13T18:42:08.874Z"}
{"level":"info","message":"Server running on port 5000","service":"psp-backend","timestamp":"2025-12-13T18:42:45.062Z"}
{"level":"info","message":"Connected to MongoDB","service":"psp-backend","timestamp":"2025-12-13T18:42:45.100Z"}
{"level":"info","message":"Server running on port 5000","service":"psp-backend","timestamp":"2025-12-13T18:42:53.436Z"}
{"level":"info","message":"Connected to MongoDB","service":"psp-backend","timestamp":"2025-12-13T18:42:53.477Z"}
{"level":"info","message":"Server running on port 5000","service":"psp-backend","timestamp":"2025-12-13T18:45:58.429Z"}
{"level":"info","message":"Connected to MongoDB","service":"psp-backend","timestamp":"2025-12-13T18:45:58.558Z"}
{"level":"info","message":"Server running on port 5000","service":"psp-backend","timestamp":"2025-12-13T18:47:14.238Z"}
{"level":"info","message":"Connected to MongoDB","service":"psp-backend","timestamp":"2025-12-13T18:47:14.274Z"}
{"level":"info","message":"Server running on port 5000","service":"psp-backend","timestamp":"2025-12-13T18:50:42.993Z"}
{"level":"info","message":"Connected to MongoDB","service":"psp-backend","timestamp":"2025-12-13T18:50:43.044Z"}
{"level":"info","message":"Server running on port 5000","service":"psp-backend","timestamp":"2025-12-13T18:51:38.564Z"}
{"level":"info","message":"Connected to MongoDB","service":"psp-backend","timestamp":"2025-12-13T18:51:38.599Z"}
{"level":"info","message":"Server running on port 5000","service":"psp-backend","timestamp":"2025-12-13T18:54:26.436Z"}
{"level":"info","message":"Connected to MongoDB","service":"psp-backend","timestamp":"2025-12-13T18:54:26.491Z"}
{"level":"info","message":"Server running on port 5000","service":"psp-backend","timestamp":"2025-12-13T18:57:52.721Z"}
{"level":"info","message":"Connected to MongoDB","service":"psp-backend","timestamp":"2025-12-13T18:57:52.777Z"}
{"level":"info","message":"Server running on port 5000","service":"psp-backend","timestamp":"2025-12-13T18:59:20.851Z"}
{"level":"info","message":"Connected to MongoDB","service":"psp-backend","timestamp":"2025-12-13T18:59:20.890Z"}
{"level":"info","message":"Server running on port 5000","service":"psp-backend","timestamp":"2025-12-13T19:20:40.844Z"}
{"level":"info","message":"Connected to MongoDB","service":"psp-backend","timestamp":"2025-12-13T19:20:40.879Z"}
{"level":"info","message":"Server running on port 5000","service":"psp-backend","timestamp":"2025-12-13T19:20:56.563Z"}
{"level":"info","message":"Connected to MongoDB","service":"psp-backend","timestamp":"2025-12-13T19:20:56.600Z"}
{"level":"info","message":"Server running on port 5000","service":"psp-backend","timestamp":"2025-12-13T19:27:01.650Z"}
{"level":"info","message":"Connected to MongoDB","service":"psp-backend","timestamp":"2025-12-13T19:27:01.680Z"}
{"level":"info","message":"Server running on port 5000","service":"psp-backend","timestamp":"2025-12-13T19:32:53.018Z"}
{"level":"info","message":"Connected to MongoDB","service":"psp-backend","timestamp":"2025-12-13T19:32:53.061Z"}
{"level":"info","message":"Server running on port 5000","service":"psp-backend","timestamp":"2025-12-13T19:36:37.906Z"}
{"level":"info","message":"Connected to MongoDB","service":"psp-backend","timestamp":"2025-12-13T19:36:37.940Z"}
{"level":"info","message":"Server running on port 5000","service":"psp-backend","timestamp":"2025-12-13T19:40:48.424Z"}
{"level":"info","message":"Connected to MongoDB","service":"psp-backend","timestamp":"2025-12-13T19:40:48.457Z"}
{"level":"info","message":"Server running on port 5000","service":"psp-backend","timestamp":"2025-12-13T19:45:21.909Z"}
{"level":"info","message":"Connected to MongoDB","service":"psp-backend","timestamp":"2025-12-13T19:45:21.953Z"}
{"level":"info","message":"Server running on port 5000","service":"psp-backend","timestamp":"2025-12-13T19:48:18.843Z"}
{"level":"info","message":"Connected to MongoDB","service":"psp-backend","timestamp":"2025-12-13T19:48:18.925Z"}
{"level":"info","message":"Server running on port 5000","service":"psp-backend","timestamp":"2025-12-13T20:24:34.111Z"}
{"level":"info","message":"Connected to MongoDB","service":"psp-backend","timestamp":"2025-12-13T20:24:34.150Z"}
{"level":"info","message":"Server running on port 5000","service":"psp-backend","timestamp":"2025-12-13T20:25:32.171Z"}
{"level":"info","message":"Connected to MongoDB","service":"psp-backend","timestamp":"2025-12-13T20:25:32.284Z"}
{"level":"info","message":"Server running on port 5000","service":"psp-backend","timestamp":"2025-12-13T21:00:58.011Z"}
{"level":"info","message":"Connected to MongoDB","service":"psp-backend","timestamp":"2025-12-13T21:00:58.050Z"}
{"level":"info","message":"Server running on port 5000","service":"psp-backend","timestamp":"2025-12-13T21:05:10.743Z"}
{"level":"info","message":"Connected to MongoDB","service":"psp-backend","timestamp":"2025-12-13T21:05:10.777Z"}
{"level":"info","message":"Server running on port 5000","service":"psp-backend","timestamp":"2025-12-13T21:11:19.845Z"}
{"level":"info","message":"Connected to MongoDB","service":"psp-backend","timestamp":"2025-12-13T21:11:19.898Z"}
{"level":"info","message":"Server running on port 5000","service":"psp-backend","timestamp":"2025-12-13T21:31:17.574Z"}
{"level":"info","message":"Connected to MongoDB","service":"psp-backend","timestamp":"2025-12-13T21:31:17.606Z"}
{"level":"info","message":"Server running on port 5000","service":"psp-backend","timestamp":"2025-12-13T21:36:49.978Z"}
{"level":"info","message":"Connected to MongoDB","service":"psp-backend","timestamp":"2025-12-13T21:36:50.120Z"}
{"level":"info","message":"Server running on port 5000","service":"psp-backend","timestamp":"2025-12-13T21:40:59.229Z"}
{"level":"info","message":"Connected to MongoDB","service":"psp-backend","timestamp":"2025-12-13T21:40:59.268Z"}
{"level":"info","message":"Server running on port 5000","service":"psp-backend","timestamp":"2025-12-13T21:46:35.058Z"}
{"level":"info","message":"Connected to MongoDB","service":"psp-backend","timestamp":"2025-12-13T21:46:35.119Z"}
{"level":"info","message":"Server running on port 5000","service":"psp-backend","timestamp":"2025-12-13T21:55:59.324Z"}
{"level":"info","message":"Connected to MongoDB","service":"psp-backend","timestamp":"2025-12-13T21:55:59.361Z"}
{"level":"info","message":"Server running on port 5000","service":"psp-backend","timestamp":"2025-12-14T05:13:24.687Z"}
{"level":"info","message":"Connected to MongoDB","service":"psp-backend","timestamp":"2025-12-14T05:13:24.822Z"}
{"level":"info","message":"Server running on port 5000","service":"psp-backend","timestamp":"2025-12-14T05:48:33.940Z"}
{"level":"info","message":"Connected to MongoDB","service":"psp-backend","timestamp":"2025-12-14T05:48:33.984Z"}
{"level":"info","message":"Server running on port 5000","service":"psp-backend","timestamp":"2025-12-14T05:50:05.271Z"}
{"level":"info","message":"Connected to MongoDB","service":"psp-backend","timestamp":"2025-12-14T05:50:05.301Z"}
{"level":"info","message":"Server running on port 5000","service":"psp-backend","timestamp":"2025-12-14T05:50:44.780Z"}
{"level":"info","message":"Connected to MongoDB","service":"psp-backend","timestamp":"2025-12-14T05:50:44.831Z"}
{"level":"info","message":"Server running on port 5000","service":"psp-backend","timestamp":"2025-12-14T06:11:30.541Z"}
{"level":"info","message":"Connected to MongoDB","service":"psp-backend","timestamp":"2025-12-14T06:11:30.572Z"}
{"level":"info","message":"Server running on port 5000","service":"psp-backend","timestamp":"2025-12-14T06:33:59.549Z"}
{"level":"info","message":"Connected to MongoDB","service":"psp-backend","timestamp":"2025-12-14T06:33:59.581Z"}
{"level":"info","message":"Server running on port 5000","service":"psp-backend","timestamp":"2025-12-14T06:36:13.560Z"}
{"level":"info","message":"Connected to MongoDB","service":"psp-backend","timestamp":"2025-12-14T06:36:13.591Z"}
{"level":"info","message":"Server running on port 5000","service":"psp-backend","timestamp":"2025-12-14T06:40:42.356Z"}
{"level":"info","message":"Connected to MongoDB","service":"psp-backend","timestamp":"2025-12-14T06:40:42.392Z"}
{"level":"info","message":"Server running on port 5000","service":"psp-backend","timestamp":"2025-12-14T06:58:32.819Z"}
{"level":"info","message":"Connected to MongoDB","service":"psp-backend","timestamp":"2025-12-14T06:58:32.853Z"}
{"level":"info","message":"Server running on port 5000","service":"psp-backend","timestamp":"2025-12-14T07:05:02.205Z"}
{"level":"info","message":"Connected to MongoDB","service":"psp-backend","timestamp":"2025-12-14T07:05:02.238Z"}
{"level":"info","message":"Server running on port 5000","service":"psp-backend","timestamp":"2025-12-14T07:09:21.601Z"}
{"level":"info","message":"Connected to MongoDB","service":"psp-backend","timestamp":"2025-12-14T07:09:21.691Z"}
{"level":"info","message":"Server running on port 5000","service":"psp-backend","timestamp":"2025-12-14T07:29:55.642Z"}
{"level":"info","message":"Connected to MongoDB","service":"psp-backend","timestamp":"2025-12-14T07:29:55.674Z"}
{"level":"info","message":"Server running on port 5000","service":"psp-backend","timestamp":"2025-12-14T07:45:54.696Z"}
{"level":"info","message":"Connected to MongoDB","service":"psp-backend","timestamp":"2025-12-14T07:45:54.726Z"}
{"level":"info","message":"Server running on port 5000","service":"psp-backend","timestamp":"2025-12-14T07:51:07.425Z"}
{"level":"info","message":"Connected to MongoDB","service":"psp-backend","timestamp":"2025-12-14T07:51:07.464Z"}
{"level":"info","message":"Server running on port 5000","service":"psp-backend","timestamp":"2025-12-14T07:59:39.996Z"}
{"level":"info","message":"Connected to MongoDB","service":"psp-backend","timestamp":"2025-12-14T07:59:40.052Z"}
{"level":"info","message":"Server running on port 5000","service":"psp-backend","timestamp":"2025-12-14T08:01:06.380Z"}
{"level":"info","message":"Connected to MongoDB","service":"psp-backend","timestamp":"2025-12-14T08:01:06.413Z"}
{"level":"info","message":"Server running on port 5000","service":"psp-backend","timestamp":"2025-12-14T08:06:10.470Z"}
{"level":"info","message":"Connected to MongoDB","service":"psp-backend","timestamp":"2025-12-14T08:06:10.500Z"}
{"level":"info","message":"Server running on port 5000","service":"psp-backend","timestamp":"2025-12-14T10:38:58.367Z"}
{"level":"info","message":"Connected to MongoDB","service":"psp-backend","timestamp":"2025-12-14T10:38:58.439Z"}
{"level":"info","message":"Server running on port 5000","service":"psp-backend","timestamp":"2025-12-14T10:41:37.718Z"}
{"level":"info","message":"Connected to MongoDB","service":"psp-backend","timestamp":"2025-12-14T10:41:37.770Z"}
{"level":"info","message":"Server running on port 5000","service":"psp-backend","timestamp":"2025-12-14T10:43:58.543Z"}
{"level":"info","message":"Connected to MongoDB","service":"psp-backend","timestamp":"2025-12-14T10:43:58.577Z"}
{"level":"info","message":"Server running on port 5000","service":"psp-backend","timestamp":"2025-12-14T10:52:28.465Z"}
{"level":"info","message":"Connected to MongoDB","service":"psp-backend","timestamp":"2025-12-14T10:52:28.512Z"}
{"level":"info","message":"Server running on port 5000","service":"psp-backend","timestamp":"2025-12-14T10:58:21.588Z"}
{"level":"info","message":"Connected to MongoDB","service":"psp-backend","timestamp":"2025-12-14T10:58:21.644Z"}
{"level":"info","message":"Server running on port 5000","service":"psp-backend","timestamp":"2025-12-14T10:58:49.577Z"}
{"level":"info","message":"Connected to MongoDB","service":"psp-backend","timestamp":"2025-12-14T10:58:49.616Z"}
{"level":"info","message":"Server running on port 5000","service":"psp-backend","timestamp":"2025-12-14T11:00:53.387Z"}
{"level":"info","message":"Connected to MongoDB","service":"psp-backend","timestamp":"2025-12-14T11:00:53.422Z"}
{"level":"info","message":"Server running on port 5000","service":"psp-backend","timestamp":"2025-12-14T11:05:10.242Z"}
{"level":"info","message":"Connected to MongoDB","service":"psp-backend","timestamp":"2025-12-14T11:05:10.289Z"}
{"level":"info","message":"Server running on port 5000","service":"psp-backend","timestamp":"2025-12-14T11:09:53.751Z"}
{"level":"info","message":"Connected to MongoDB","service":"psp-backend","timestamp":"2025-12-14T11:09:53.817Z"}
{"level":"info","message":"Server running on port 5000","service":"psp-backend","timestamp":"2025-12-14T11:13:09.147Z"}
{"level":"info","message":"Connected to MongoDB","service":"psp-backend","timestamp":"2025-12-14T11:13:09.182Z"}
{"level":"info","message":"Server running on port 5000","service":"psp-backend","timestamp":"2025-12-14T11:32:39.042Z"}
{"level":"info","message":"Connected to MongoDB","service":"psp-backend","timestamp":"2025-12-14T11:32:39.089Z"}
{"level":"info","message":"Server running on port 5000","service":"psp-backend","timestamp":"2025-12-15T09:49:44.770Z"}
{"level":"info","message":"Connected to MongoDB","service":"psp-backend","timestamp":"2025-12-15T09:49:44.815Z"}
{"level":"info","message":"Server running on port 5000","service":"psp-backend","timestamp":"2025-12-15T09:52:09.833Z"}
{"level":"info","message":"Connected to MongoDB","service":"psp-backend","timestamp":"2025-12-15T09:52:10.039Z"}
{"level":"info","message":"Server running on port 5000","service":"psp-backend","timestamp":"2025-12-15T10:14:37.387Z"}
{"level":"info","message":"Connected to MongoDB","service":"psp-backend","timestamp":"2025-12-15T10:14:37.471Z"}
{"level":"info","message":"Server running on port 5000","service":"psp-backend","timestamp":"2025-12-15T10:17:25.210Z"}
{"level":"info","message":"Connected to MongoDB","service":"psp-backend","timestamp":"2025-12-15T10:17:25.355Z"}
{"level":"info","message":"Server running on port 5000","service":"psp-backend","timestamp":"2025-12-15T12:08:39.524Z"}
{"level":"info","message":"Connected to MongoDB","service":"psp-backend","timestamp":"2025-12-15T12:08:39.636Z"}
{"level":"info","message":"Server running on port 5000","service":"psp-backend","timestamp":"2025-12-15T12:12:40.304Z"}
{"level":"info","message":"Connected to MongoDB","service":"psp-backend","timestamp":"2025-12-15T12:12:40.653Z"}
{"level":"info","message":"Server running on port 5000","service":"psp-backend","timestamp":"2025-12-16T11:31:38.924Z"}
{"level":"info","message":"Connected to MongoDB","service":"psp-backend","timestamp":"2025-12-16T11:31:38.987Z"}
{"level":"info","message":"Server running on port 5000","service":"psp-backend","timestamp":"2025-12-19T09:31:04.423Z"}
{"level":"info","message":"Connected to MongoDB","service":"psp-backend","timestamp":"2025-12-19T09:31:04.510Z"}
{"level":"info","message":"Server running on port 5000","service":"psp-backend","timestamp":"2025-12-19T09:33:49.832Z"}
{"level":"info","message":"Connected to MongoDB","service":"psp-backend","timestamp":"2025-12-19T09:33:49.896Z"}
{"level":"info","message":"Server running on port 5000","service":"psp-backend","timestamp":"2025-12-19T18:32:04.320Z"}
{"level":"info","message":"Connected to MongoDB","service":"psp-backend","timestamp":"2025-12-19T18:32:04.382Z"}
{"level":"info","message":"Server running on port 5000","service":"psp-backend","timestamp":"2025-12-19T21:19:33.989Z"}
{"level":"info","message":"Connected to MongoDB","service":"psp-backend","timestamp":"2025-12-19T21:19:34.028Z"}
{"level":"info","message":"Server running on port 5000","service":"psp-backend","timestamp":"2025-12-19T23:02:12.687Z"}
{"level":"info","message":"Connected to MongoDB","service":"psp-backend","timestamp":"2025-12-19T23:02:12.850Z"}
{"level":"info","message":"Server running on port 5000","service":"psp-backend","timestamp":"2025-12-19T23:02:16.486Z"}
{"level":"info","message":"Connected to MongoDB","service":"psp-backend","timestamp":"2025-12-19T23:02:16.785Z"}
{"level":"info","message":"Server running on port 5000","service":"psp-backend","timestamp":"2025-12-19T23:25:41.947Z"}
{"level":"info","message":"Connected to MongoDB","service":"psp-backend","timestamp":"2025-12-19T23:25:42.019Z"}
{"level":"info","message":"Server running on port 5000","service":"psp-backend","timestamp":"2025-12-19T23:28:31.377Z"}
{"level":"info","message":"Connected to MongoDB","service":"psp-backend","timestamp":"2025-12-19T23:28:31.488Z"}
{"level":"info","message":"Server running on port 5000","service":"psp-backend","timestamp":"2025-12-19T23:29:25.477Z"}
{"level":"info","message":"Connected to MongoDB","service":"psp-backend","timestamp":"2025-12-19T23:29:25.645Z"}
{"level":"info","message":"Server running on port 5000","service":"psp-backend","timestamp":"2025-12-19T23:34:55.719Z"}
{"level":"info","message":"Connected to MongoDB","service":"psp-backend","timestamp":"2025-12-19T23:34:56.531Z"}
{"level":"info","message":"Server running on port 5000","service":"psp-backend","timestamp":"2025-12-19T23:41:03.644Z"}
{"level":"info","message":"Connected to MongoDB","service":"psp-backend","timestamp":"2025-12-19T23:41:03.827Z"}
{"level":"info","message":"Server running on port 5000","service":"psp-backend","timestamp":"2025-12-19T23:43:17.765Z"}
{"level":"info","message":"Connected to MongoDB","service":"psp-backend","timestamp":"2025-12-19T23:43:17.873Z"}
{"level":"info","message":"Server running on port 5000","service":"psp-backend","timestamp":"2025-12-19T23:45:33.894Z"}
{"level":"info","message":"Connected to MongoDB","service":"psp-backend","timestamp":"2025-12-19T23:45:34.046Z"}
{"level":"info","message":"Server running on port 5000","service":"psp-backend","timestamp":"2025-12-19T23:50:03.626Z"}
{"level":"info","message":"Connected to MongoDB","service":"psp-backend","timestamp":"2025-12-19T23:50:03.784Z"}
{"level":"info","message":"Server running on port 5000","service":"psp-backend","timestamp":"2025-12-19T23:59:47.705Z"}
{"level":"info","message":"Connected to MongoDB","service":"psp-backend","timestamp":"2025-12-19T23:59:47.873Z"}
{"level":"info","message":"Server running on port 5000","service":"psp-backend","timestamp":"2025-12-20T00:14:34.363Z"}
{"level":"info","message":"Connected to MongoDB","service":"psp-backend","timestamp":"2025-12-20T00:14:34.438Z"}
{"level":"info","message":"Server running on port 5000","service":"psp-backend","timestamp":"2025-12-20T00:18:11.147Z"}
{"level":"info","message":"Connected to MongoDB","service":"psp-backend","timestamp":"2025-12-20T00:18:11.185Z"}
{"level":"info","message":"Server running on port 5000","service":"psp-backend","timestamp":"2025-12-20T12:19:16.957Z"}
{"level":"info","message":"Connected to MongoDB","service":"psp-backend","timestamp":"2025-12-20T12:19:17.017Z"}
{"level":"info","message":"Server running on port 5000","service":"psp-backend","timestamp":"2025-12-20T12:25:07.925Z"}
{"level":"info","message":"Connected to MongoDB","service":"psp-backend","timestamp":"2025-12-20T12:25:07.970Z"}
{"level":"info","message":"Server running on port 5000","service":"psp-backend","timestamp":"2025-12-20T12:29:53.969Z"}
{"level":"info","message":"Connected to MongoDB","service":"psp-backend","timestamp":"2025-12-20T12:29:54.016Z"}
{"level":"info","message":"Server running on port 5000","service":"psp-backend","timestamp":"2025-12-20T12:32:13.963Z"}
{"level":"info","message":"Connected to MongoDB","service":"psp-backend","timestamp":"2025-12-20T12:32:14.001Z"}
{"level":"info","message":"Server running on port 5000","service":"psp-backend","timestamp":"2025-12-20T12:34:33.102Z"}
{"level":"info","message":"Connected to MongoDB","service":"psp-backend","timestamp":"2025-12-20T12:34:33.271Z"}
{"level":"info","message":"Server running on port 5000","service":"psp-backend","timestamp":"2025-12-20T20:33:23.344Z"}
{"level":"info","message":"Connected to MongoDB","service":"psp-backend","timestamp":"2025-12-20T20:33:23.389Z"}
{"level":"info","message":"Server running on port 5000","service":"psp-backend","timestamp":"2025-12-20T23:21:13.157Z"}
{"level":"info","message":"Connected to MongoDB","service":"psp-backend","timestamp":"2025-12-20T23:21:13.190Z"}
{"level":"info","message":"Server running on port 5000","service":"psp-backend","timestamp":"2025-12-21T10:35:45.812Z"}
{"level":"info","message":"Connected to MongoDB","service":"psp-backend","timestamp":"2025-12-21T10:35:45.851Z"}
{"level":"info","message":"Server running on port 5000","service":"psp-backend","timestamp":"2025-12-21T22:32:26.005Z"}
{"level":"info","message":"Connected to MongoDB","service":"psp-backend","timestamp":"2025-12-21T22:32:26.220Z"}
{"level":"info","message":"Server running on port 5000","service":"psp-backend","timestamp":"2025-12-21T22:34:41.522Z"}
{"level":"info","message":"Connected to MongoDB","service":"psp-backend","timestamp":"2025-12-21T22:34:41.954Z"}
{"level":"info","message":"Server running on port 5000","service":"psp-backend","timestamp":"2025-12-21T22:49:32.160Z"}
{"level":"info","message":"Connected to MongoDB","service":"psp-backend","timestamp":"2025-12-21T22:49:32.450Z"}
{"level":"info","message":"Server running on port 5000","service":"psp-backend","timestamp":"2025-12-21T23:08:43.395Z"}
{"level":"info","message":"Connected to MongoDB","service":"psp-backend","timestamp":"2025-12-21T23:08:43.431Z"}
{"level":"info","message":"Server running on port 5000","service":"psp-backend","timestamp":"2025-12-21T23:11:33.598Z"}
{"level":"info","message":"Connected to MongoDB","service":"psp-backend","timestamp":"2025-12-21T23:11:33.780Z"}
{"level":"info","message":"Server running on port 5000","service":"psp-backend","timestamp":"2025-12-21T23:17:58.068Z"}
{"level":"info","message":"Connected to MongoDB","service":"psp-backend","timestamp":"2025-12-21T23:17:58.157Z"}
{"level":"info","message":"Server running on port 5000","service":"psp-backend","timestamp":"2025-12-21T23:21:58.457Z"}
{"level":"info","message":"Connected to MongoDB","service":"psp-backend","timestamp":"2025-12-21T23:21:58.787Z"}
{"level":"info","message":"Server running on port 5000","service":"psp-backend","timestamp":"2025-12-21T23:23:18.862Z"}
{"level":"info","message":"Connected to MongoDB","service":"psp-backend","timestamp":"2025-12-21T23:23:19.047Z"}
{"level":"info","message":"Server running on port 5000","service":"psp-backend","timestamp":"2025-12-21T23:35:25.459Z"}
{"level":"info","message":"Connected to MongoDB","service":"psp-backend","timestamp":"2025-12-21T23:35:25.550Z"}
{"level":"info","message":"Server running on port 5000","service":"psp-backend","timestamp":"2025-12-21T23:41:15.731Z"}
{"level":"info","message":"Connected to MongoDB","service":"psp-backend","timestamp":"2025-12-21T23:41:15.792Z"}
{"level":"info","message":"Server running on port 5000","service":"psp-backend","timestamp":"2025-12-21T23:41:56.522Z"}
{"level":"info","message":"Connected to MongoDB","service":"psp-backend","timestamp":"2025-12-21T23:41:56.561Z"}
{"level":"info","message":"Server running on port 5000","service":"psp-backend","timestamp":"2025-12-21T23:42:57.504Z"}
{"level":"info","message":"Connected to MongoDB","service":"psp-backend","timestamp":"2025-12-21T23:42:57.555Z"}
{"level":"info","message":"Server running on port 5000","service":"psp-backend","timestamp":"2025-12-21T23:48:04.101Z"}
{"level":"info","message":"Connected to MongoDB","service":"psp-backend","timestamp":"2025-12-21T23:48:04.141Z"}
{"level":"info","message":"Server running on port 5000","service":"psp-backend","timestamp":"2025-12-21T23:49:46.957Z"}
{"level":"info","message":"Connected to MongoDB","service":"psp-backend","timestamp":"2025-12-21T23:49:47.000Z"}
{"level":"info","message":"Server running on port 5000","service":"psp-backend","timestamp":"2025-12-21T23:50:04.525Z"}
{"level":"info","message":"Connected to MongoDB","service":"psp-backend","timestamp":"2025-12-21T23:50:04.568Z"}
{"level":"info","message":"Server running on port 5000","service":"psp-backend","timestamp":"2025-12-22T00:02:36.574Z"}
{"level":"info","message":"Connected to MongoDB","service":"psp-backend","timestamp":"2025-12-22T00:02:36.653Z"}
{"level":"info","message":"Server running on port 5000","service":"psp-backend","timestamp":"2025-12-22T00:05:01.689Z"}
{"level":"info","message":"Connected to MongoDB","service":"psp-backend","timestamp":"2025-12-22T00:05:01.755Z"}
{"level":"info","message":"Server running on port 5000","service":"psp-backend","timestamp":"2025-12-22T00:07:35.294Z"}
{"level":"info","message":"Connected to MongoDB","service":"psp-backend","timestamp":"2025-12-22T00:07:35.391Z"}
{"level":"info","message":"Server running on port 5000","service":"psp-backend","timestamp":"2025-12-22T00:29:56.199Z"}
{"level":"info","message":"Connected to MongoDB","service":"psp-backend","timestamp":"2025-12-22T00:29:56.233Z"}
{"level":"info","message":"Server running on port 5000","service":"psp-backend","timestamp":"2025-12-22T00:55:11.616Z"}
{"level":"info","message":"Connected to MongoDB","service":"psp-backend","timestamp":"2025-12-22T00:55:11.813Z"}
{"level":"info","message":"Server running on port 5000","service":"psp-backend","timestamp":"2025-12-22T01:20:34.048Z"}
{"level":"info","message":"Connected to MongoDB","service":"psp-backend","timestamp":"2025-12-22T01:20:34.097Z"}
{"level":"info","message":"Server running on port 5000","service":"psp-backend","timestamp":"2025-12-22T01:27:01.822Z"}
{"level":"info","message":"Connected to MongoDB","service":"psp-backend","timestamp":"2025-12-22T01:27:01.860Z"}
{"level":"info","message":"Server running on port 5000","service":"psp-backend","timestamp":"2025-12-22T02:35:43.146Z"}
{"level":"info","message":"Connected to MongoDB","service":"psp-backend","timestamp":"2025-12-22T02:35:43.477Z"}
{"level":"info","message":"Server running on port 5000","service":"psp-backend","timestamp":"2025-12-22T02:43:26.319Z"}
{"level":"info","message":"Connected to MongoDB","service":"psp-backend","timestamp":"2025-12-22T02:43:26.353Z"}
{"level":"info","message":"Server running on port 5000","service":"psp-backend","timestamp":"2025-12-22T02:56:20.551Z"}
{"level":"info","message":"Connected to MongoDB","service":"psp-backend","timestamp":"2025-12-22T02:56:20.606Z"}
{"level":"info","message":"Server running on port 5000","service":"psp-backend","timestamp":"2025-12-22T03:31:49.153Z"}
{"level":"info","message":"Connected to MongoDB","service":"psp-backend","timestamp":"2025-12-22T03:31:49.240Z"}
{"level":"info","message":"Server running on port 5000","service":"psp-backend","timestamp":"2025-12-22T03:36:09.055Z"}
{"level":"info","message":"Connected to MongoDB","service":"psp-backend","timestamp":"2025-12-22T03:36:09.094Z"}
{"level":"info","message":"Server running on port 5000","service":"psp-backend","timestamp":"2025-12-22T04:13:47.537Z"}
{"level":"info","message":"Connected to MongoDB","service":"psp-backend","timestamp":"2025-12-22T04:13:47.575Z"}
{"level":"info","message":"Server running on port 5000","service":"psp-backend","timestamp":"2025-12-22T04:45:20.655Z"}
{"level":"info","message":"Connected to MongoDB","service":"psp-backend","timestamp":"2025-12-22T04:45:20.692Z"}
{"level":"info","message":"Server running on port 5000","service":"psp-backend","timestamp":"2025-12-22T09:45:28.227Z"}
{"level":"info","message":"Connected to MongoDB","service":"psp-backend","timestamp":"2025-12-22T09:45:28.285Z"}
{"level":"info","message":"Server running on port 5000","service":"psp-backend","timestamp":"2025-12-22T09:47:20.742Z"}
{"level":"info","message":"Connected to MongoDB","service":"psp-backend","timestamp":"2025-12-22T09:47:21.004Z"}
{"level":"info","message":"Server running on port 5000","service":"psp-backend","timestamp":"2025-12-22T09:49:58.533Z"}
{"level":"info","message":"Connected to MongoDB","service":"psp-backend","timestamp":"2025-12-22T09:49:58.662Z"}
{"level":"info","message":"Server running on port 5000","service":"psp-backend","timestamp":"2025-12-22T18:33:52.242Z"}
{"level":"info","message":"Connected to MongoDB","service":"psp-backend","timestamp":"2025-12-22T18:33:52.332Z"}
{"level":"info","message":"Server running on port 5000","service":"psp-backend","timestamp":"2025-12-22T19:52:00.759Z"}
{"level":"info","message":"Connected to MongoDB","service":"psp-backend","timestamp":"2025-12-22T19:52:00.867Z"}
{"level":"info","message":"Server running on port 5000","service":"psp-backend","timestamp":"2025-12-22T20:45:54.563Z"}
{"level":"info","message":"Connected to MongoDB","service":"psp-backend","timestamp":"2025-12-22T20:45:54.666Z"}
{"level":"info","message":"Server running on port 5000","service":"psp-backend","timestamp":"2025-12-22T21:13:06.631Z"}
{"level":"info","message":"Connected to MongoDB","service":"psp-backend","timestamp":"2025-12-22T21:13:06.686Z"}
{"level":"info","message":"Server running on port 5000","service":"psp-backend","timestamp":"2025-12-22T21:14:17.019Z"}
{"level":"info","message":"Connected to MongoDB","service":"psp-backend","timestamp":"2025-12-22T21:14:17.134Z"}
{"level":"info","message":"Server running on port 5000","service":"psp-backend","timestamp":"2025-12-22T22:11:14.334Z"}
{"level":"info","message":"Connected to MongoDB","service":"psp-backend","timestamp":"2025-12-22T22:11:14.401Z"}
{"level":"info","message":"Server running on port 5000","service":"psp-backend","timestamp":"2025-12-22T22:32:23.672Z"}
{"level":"info","message":"Connected to MongoDB","service":"psp-backend","timestamp":"2025-12-22T22:32:23.738Z"}
{"level":"info","message":"Server running on port 5000","service":"psp-backend","timestamp":"2025-12-23T03:28:20.010Z"}
{"level":"info","message":"Connected to MongoDB","service":"psp-backend","timestamp":"2025-12-23T03:28:20.070Z"}
{"level":"info","message":"Server running on port 5000","service":"psp-backend","timestamp":"2025-12-23T04:54:53.731Z"}
{"level":"info","message":"Connected to MongoDB","service":"psp-backend","timestamp":"2025-12-23T04:54:53.781Z"}
{"level":"info","message":"Server running on port 5000","service":"psp-backend","timestamp":"2025-12-23T04:58:16.392Z"}
{"level":"info","message":"Connected to MongoDB","service":"psp-backend","timestamp":"2025-12-23T04:58:16.431Z"}
{"level":"info","message":"Server running on port 5000","service":"psp-backend","timestamp":"2025-12-23T05:01:32.811Z"}
{"level":"info","message":"Connected to MongoDB","service":"psp-backend","timestamp":"2025-12-23T05:01:32.903Z"}
{"level":"info","message":"Server running on port 5000","service":"psp-backend","timestamp":"2025-12-23T05:20:08.498Z"}
{"level":"info","message":"Connected to MongoDB","service":"psp-backend","timestamp":"2025-12-23T05:20:08.564Z"}
{"level":"info","message":"Server running on port 5000","service":"psp-backend","timestamp":"2025-12-23T05:24:04.733Z"}
{"level":"info","message":"Connected to MongoDB","service":"psp-backend","timestamp":"2025-12-23T05:24:04.764Z"}
{"level":"info","message":"Server running on port 5000","service":"psp-backend","timestamp":"2025-12-23T05:27:42.239Z"}
{"level":"info","message":"Connected to MongoDB","service":"psp-backend","timestamp":"2025-12-23T05:27:42.322Z"}
{"level":"info","message":"Server running on port 5000","service":"psp-backend","timestamp":"2025-12-23T05:31:39.875Z"}
{"level":"info","message":"Connected to MongoDB","service":"psp-backend","timestamp":"2025-12-23T05:31:40.009Z"}
{"level":"info","message":"Server running on port 5000","service":"psp-backend","timestamp":"2025-12-23T05:33:08.989Z"}
{"level":"info","message":"Connected to MongoDB","service":"psp-backend","timestamp":"2025-12-23T05:33:09.083Z"}
{"level":"info","message":"Server running on port 5000","service":"psp-backend","timestamp":"2025-12-23T06:03:24.394Z"}
{"level":"info","message":"Connected to MongoDB","service":"psp-backend","timestamp":"2025-12-23T06:03:24.519Z"}
{"level":"info","message":"Server running on port 5000","service":"psp-backend","timestamp":"2025-12-23T06:05:16.558Z"}
{"level":"info","message":"Connected to MongoDB","service":"psp-backend","timestamp":"2025-12-23T06:05:16.590Z"}
{"level":"info","message":"Server running on port 5000","service":"psp-backend","timestamp":"2025-12-23T06:20:28.590Z"}
{"level":"info","message":"Connected to MongoDB","service":"psp-backend","timestamp":"2025-12-23T06:20:28.744Z"}
{"level":"info","message":"Server running on port 5000","service":"psp-backend","timestamp":"2025-12-23T06:27:17.156Z"}
{"level":"info","message":"Connected to MongoDB","service":"psp-backend","timestamp":"2025-12-23T06:27:17.206Z"}
{"level":"info","message":"Server running on port 5000","service":"psp-backend","timestamp":"2025-12-23T07:55:40.280Z"}
{"level":"info","message":"Connected to MongoDB","service":"psp-backend","timestamp":"2025-12-23T07:55:40.351Z"}
{"level":"info","message":"Server running on port 5000","service":"psp-backend","timestamp":"2025-12-23T08:01:56.213Z"}
{"level":"info","message":"Connected to MongoDB","service":"psp-backend","timestamp":"2025-12-23T08:01:56.593Z"}
{"level":"info","message":"Server running on port 5000","service":"psp-backend","timestamp":"2025-12-23T18:51:53.722Z"}
{"level":"info","message":"Connected to MongoDB","service":"psp-backend","timestamp":"2025-12-23T18:51:53.871Z"}
{"level":"info","message":"Server running on port 5000","service":"psp-backend","timestamp":"2025-12-23T22:48:35.243Z"}
{"level":"info","message":"Connected to MongoDB","service":"psp-backend","timestamp":"2025-12-23T22:48:35.563Z"}
{"level":"info","message":"Server running on port 5000","service":"psp-backend","timestamp":"2025-12-23T23:06:39.946Z"}
{"level":"info","message":"Connected to MongoDB","service":"psp-backend","timestamp":"2025-12-23T23:06:39.997Z"}
{"level":"info","message":"Server running on port 5000","service":"psp-backend","timestamp":"2025-12-25T13:34:58.591Z"}
{"level":"info","message":"Connected to MongoDB","service":"psp-backend","timestamp":"2025-12-25T13:34:58.644Z"}
{"level":"info","message":"Server running on port 5000","service":"psp-backend","timestamp":"2025-12-28T20:57:44.679Z"}
{"level":"info","message":"Connected to MongoDB","service":"psp-backend","timestamp":"2025-12-28T20:57:44.848Z"}
{"level":"info","message":"Server running on port 5000","service":"psp-backend","timestamp":"2025-12-28T22:15:10.595Z"}
{"level":"info","message":"Connected to MongoDB","service":"psp-backend","timestamp":"2025-12-28T22:15:10.671Z"}
{"level":"info","message":"Server running on port 5000","service":"psp-backend","timestamp":"2025-12-29T21:06:13.979Z"}
{"level":"info","message":"Connected to MongoDB","service":"psp-backend","timestamp":"2025-12-29T21:06:14.070Z"}
{"level":"info","message":"Server running on port 5000","service":"psp-backend","timestamp":"2025-12-29T21:07:10.465Z"}
{"level":"info","message":"Connected to MongoDB","service":"psp-backend","timestamp":"2025-12-29T21:07:10.548Z"}
{"level":"info","message":"Server running on port 5000","service":"psp-backend","timestamp":"2025-12-29T21:19:05.258Z"}
{"level":"info","message":"Connected to MongoDB","service":"psp-backend","timestamp":"2025-12-29T21:19:05.322Z"}
{"level":"info","message":"Server running on port 5000","service":"psp-backend","timestamp":"2025-12-29T21:47:28.816Z"}
{"level":"info","message":"Connected to MongoDB","service":"psp-backend","timestamp":"2025-12-29T21:47:28.886Z"}
{"level":"info","message":"Server running on port 5000","service":"psp-backend","timestamp":"2025-12-29T21:59:05.041Z"}
{"level":"info","message":"Connected to MongoDB","service":"psp-backend","timestamp":"2025-12-29T21:59:05.087Z"}
{"level":"info","message":"Server running on port 5000","service":"psp-backend","timestamp":"2025-12-29T22:07:32.327Z"}
{"level":"info","message":"Connected to MongoDB","service":"psp-backend","timestamp":"2025-12-29T22:07:32.373Z"}
{"level":"info","message":"Server running on port 5000","service":"psp-backend","timestamp":"2025-12-29T22:10:25.087Z"}
{"level":"info","message":"Connected to MongoDB","service":"psp-backend","timestamp":"2025-12-29T22:10:25.130Z"}
{"level":"info","message":"Server running on port 5000","service":"psp-backend","timestamp":"2025-12-29T22:17:50.643Z"}
{"level":"info","message":"Connected to MongoDB","service":"psp-backend","timestamp":"2025-12-29T22:17:50.704Z"}
{"level":"info","message":"Server running on port 5000","service":"psp-backend","timestamp":"2025-12-29T22:43:23.742Z"}
{"level":"info","message":"Connected to MongoDB","service":"psp-backend","timestamp":"2025-12-29T22:43:23.791Z"}
{"level":"info","message":"Server running on port 5000","service":"psp-backend","timestamp":"2025-12-29T23:04:42.654Z"}
{"level":"info","message":"Connected to MongoDB","service":"psp-backend","timestamp":"2025-12-29T23:04:42.695Z"}
{"level":"info","message":"Server running on port 5000","service":"psp-backend","timestamp":"2025-12-29T23:12:59.955Z"}
{"level":"info","message":"Connected to MongoDB","service":"psp-backend","timestamp":"2025-12-29T23:13:00.021Z"}
{"level":"info","message":"Server running on port 5000","service":"psp-backend","timestamp":"2025-12-29T23:19:53.431Z"}
{"level":"info","message":"Connected to MongoDB","service":"psp-backend","timestamp":"2025-12-29T23:19:53.478Z"}
{"level":"info","message":"Server running on port 5000","service":"psp-backend","timestamp":"2025-12-29T23:31:47.649Z"}
{"level":"info","message":"Connected to MongoDB","service":"psp-backend","timestamp":"2025-12-29T23:31:47.679Z"}
{"level":"info","message":"Server running on port 5000","service":"psp-backend","timestamp":"2025-12-29T23:34:09.515Z"}
{"level":"info","message":"Connected to MongoDB","service":"psp-backend","timestamp":"2025-12-29T23:34:09.546Z"}
{"level":"info","message":"Server running on port 5000","service":"psp-backend","timestamp":"2025-12-29T23:35:12.188Z"}
{"level":"info","message":"Connected to MongoDB","service":"psp-backend","timestamp":"2025-12-29T23:35:12.224Z"}
{"level":"info","message":"Server running on port 5000","service":"psp-backend","timestamp":"2025-12-29T23:37:17.585Z"}
{"level":"info","message":"Connected to MongoDB","service":"psp-backend","timestamp":"2025-12-29T23:37:17.664Z"}
{"level":"info","message":"Server running on port 5000","service":"psp-backend","timestamp":"2025-12-29T23:39:39.220Z"}
{"level":"info","message":"Connected to MongoDB","service":"psp-backend","timestamp":"2025-12-29T23:39:39.270Z"}
{"level":"info","message":"Server running on port 5000","service":"psp-backend","timestamp":"2025-12-29T23:43:31.441Z"}
{"level":"info","message":"Connected to MongoDB","service":"psp-backend","timestamp":"2025-12-29T23:43:31.496Z"}
{"level":"info","message":"Server running on port 5000","service":"psp-backend","timestamp":"2025-12-29T23:51:15.376Z"}
{"level":"info","message":"Connected to MongoDB","service":"psp-backend","timestamp":"2025-12-29T23:51:15.410Z"}
{"level":"info","message":"Server running on port 5000","service":"psp-backend","timestamp":"2025-12-30T00:00:14.049Z"}
{"level":"info","message":"Connected to MongoDB","service":"psp-backend","timestamp":"2025-12-30T00:00:14.083Z"}
{"level":"info","message":"Server running on port 5000","service":"psp-backend","timestamp":"2025-12-30T00:04:42.570Z"}
{"level":"info","message":"Connected to MongoDB","service":"psp-backend","timestamp":"2025-12-30T00:04:42.608Z"}
{"level":"info","message":"Server running on port 5000","service":"psp-backend","timestamp":"2025-12-30T00:11:13.819Z"}
{"level":"info","message":"Connected to MongoDB","service":"psp-backend","timestamp":"2025-12-30T00:11:13.871Z"}
{"level":"info","message":"Server running on port 5000","service":"psp-backend","timestamp":"2025-12-30T00:13:06.069Z"}
{"level":"info","message":"Connected to MongoDB","service":"psp-backend","timestamp":"2025-12-30T00:13:06.109Z"}
{"level":"info","message":"Server running on port 5000","service":"psp-backend","timestamp":"2025-12-30T00:15:08.934Z"}
{"level":"info","message":"Connected to MongoDB","service":"psp-backend","timestamp":"2025-12-30T00:15:09.018Z"}
{"level":"info","message":"Server running on port 5000","service":"psp-backend","timestamp":"2025-12-30T00:20:20.469Z"}
{"level":"info","message":"Connected to MongoDB","service":"psp-backend","timestamp":"2025-12-30T00:20:20.515Z"}
{"level":"info","message":"Server running on port 5000","service":"psp-backend","timestamp":"2025-12-30T00:24:11.827Z"}
{"level":"info","message":"Connected to MongoDB","service":"psp-backend","timestamp":"2025-12-30T00:24:11.893Z"}
{"level":"info","message":"Server running on port 5000","service":"psp-backend","timestamp":"2025-12-30T00:26:46.073Z"}
{"level":"info","message":"Connected to MongoDB","service":"psp-backend","timestamp":"2025-12-30T00:26:46.221Z"}
{"level":"info","message":"Server running on port 5000","service":"psp-backend","timestamp":"2025-12-30T00:26:50.967Z"}
{"level":"info","message":"Connected to MongoDB","service":"psp-backend","timestamp":"2025-12-30T00:26:51.001Z"}
{"level":"info","message":"Server running on port 5000","service":"psp-backend","timestamp":"2025-12-30T00:36:07.608Z"}
{"level":"info","message":"Connected to MongoDB","service":"psp-backend","timestamp":"2025-12-30T00:36:07.671Z"}
{"level":"info","message":"Server running on port 5000","service":"psp-backend","timestamp":"2025-12-30T00:36:13.331Z"}
{"level":"info","message":"Connected to MongoDB","service":"psp-backend","timestamp":"2025-12-30T00:36:13.396Z"}
{"level":"info","message":"Server running on port 5000","service":"psp-backend","timestamp":"2025-12-30T00:40:46.886Z"}
{"level":"info","message":"Connected to MongoDB","service":"psp-backend","timestamp":"2025-12-30T00:40:46.924Z"}
{"level":"info","message":"Server running on port 5000","service":"psp-backend","timestamp":"2025-12-30T00:40:52.179Z"}
{"level":"info","message":"Connected to MongoDB","service":"psp-backend","timestamp":"2025-12-30T00:40:52.240Z"}
{"level":"info","message":"Server running on port 5000","service":"psp-backend","timestamp":"2025-12-30T00:41:07.306Z"}
{"level":"info","message":"Connected to MongoDB","service":"psp-backend","timestamp":"2025-12-30T00:41:07.356Z"}
{"level":"info","message":"Server running on port 5000","service":"psp-backend","timestamp":"2025-12-30T00:41:11.712Z"}
{"level":"info","message":"Connected to MongoDB","service":"psp-backend","timestamp":"2025-12-30T00:41:11.775Z"}
{"level":"info","message":"Server running on port 5000","service":"psp-backend","timestamp":"2025-12-30T00:42:58.297Z"}
{"level":"info","message":"Connected to MongoDB","service":"psp-backend","timestamp":"2025-12-30T00:42:58.334Z"}
{"level":"info","message":"Server running on port 5000","service":"psp-backend","timestamp":"2025-12-30T00:43:26.090Z"}
{"level":"info","message":"Connected to MongoDB","service":"psp-backend","timestamp":"2025-12-30T00:43:26.150Z"}
{"level":"info","message":"Server running on port 5000","service":"psp-backend","timestamp":"2025-12-30T00:46:16.759Z"}
{"level":"info","message":"Connected to MongoDB","service":"psp-backend","timestamp":"2025-12-30T00:46:16.812Z"}
{"level":"info","message":"Server running on port 5000","service":"psp-backend","timestamp":"2025-12-30T00:46:40.981Z"}
{"level":"info","message":"Connected to MongoDB","service":"psp-backend","timestamp":"2025-12-30T00:46:41.047Z"}
{"level":"info","message":"Server running on port 5000","service":"psp-backend","timestamp":"2025-12-30T00:48:50.362Z"}
{"level":"info","message":"Connected to MongoDB","service":"psp-backend","timestamp":"2025-12-30T00:48:50.480Z"}
{"level":"info","message":"Server running on port 5000","service":"psp-backend","timestamp":"2025-12-30T00:48:57.740Z"}
{"level":"info","message":"Connected to MongoDB","service":"psp-backend","timestamp":"2025-12-30T00:48:57.803Z"}
{"level":"info","message":"Server running on port 5000","service":"psp-backend","timestamp":"2025-12-30T00:52:44.780Z"}
{"level":"info","message":"Connected to MongoDB","service":"psp-backend","timestamp":"2025-12-30T00:52:44.830Z"}
{"level":"info","message":"Server running on port 5000","service":"psp-backend","timestamp":"2025-12-30T01:03:30.114Z"}
{"level":"info","message":"Connected to MongoDB","service":"psp-backend","timestamp":"2025-12-30T01:03:30.219Z"}
{"level":"info","message":"Server running on port 5000","service":"psp-backend","timestamp":"2025-12-30T01:04:29.541Z"}
{"level":"info","message":"Connected to MongoDB","service":"psp-backend","timestamp":"2025-12-30T01:04:29.590Z"}
{"level":"info","message":"Server running on port 5000","service":"psp-backend","timestamp":"2025-12-30T01:07:18.589Z"}
{"level":"info","message":"Connected to MongoDB","service":"psp-backend","timestamp":"2025-12-30T01:07:18.629Z"}
{"level":"info","message":"Server running on port 5000","service":"psp-backend","timestamp":"2025-12-30T01:07:23.419Z"}
{"level":"info","message":"Connected to MongoDB","service":"psp-backend","timestamp":"2025-12-30T01:07:23.459Z"}
{"level":"info","message":"Server running on port 5000","service":"psp-backend","timestamp":"2025-12-30T01:12:19.182Z"}
{"level":"info","message":"Connected to MongoDB","service":"psp-backend","timestamp":"2025-12-30T01:12:19.225Z"}
{"level":"info","message":"Server running on port 5000","service":"psp-backend","timestamp":"2025-12-30T01:12:23.955Z"}
{"level":"info","message":"Connected to MongoDB","service":"psp-backend","timestamp":"2025-12-30T01:12:24.009Z"}
{"level":"info","message":"Server running on port 5000","service":"psp-backend","timestamp":"2025-12-30T01:22:40.605Z"}
{"level":"info","message":"Connected to MongoDB","service":"psp-backend","timestamp":"2025-12-30T01:22:40.856Z"}
{"level":"info","message":"Server running on port 5000","service":"psp-backend","timestamp":"2025-12-30T01:22:48.888Z"}
{"level":"info","message":"Connected to MongoDB","service":"psp-backend","timestamp":"2025-12-30T01:22:48.939Z"}
{"level":"info","message":"Server running on port 5000","service":"psp-backend","timestamp":"2025-12-30T01:31:45.767Z"}
{"level":"info","message":"Connected to MongoDB","service":"psp-backend","timestamp":"2025-12-30T01:31:45.811Z"}
{"level":"info","message":"Server running on port 5000","service":"psp-backend","timestamp":"2025-12-30T01:31:49.992Z"}
{"level":"info","message":"Connected to MongoDB","service":"psp-backend","timestamp":"2025-12-30T01:31:50.081Z"}
{"level":"info","message":"Server running on port 5000","service":"psp-backend","timestamp":"2025-12-30T01:40:32.637Z"}
{"level":"info","message":"Connected to MongoDB","service":"psp-backend","timestamp":"2025-12-30T01:40:32.673Z"}
{"level":"info","message":"Server running on port 5000","service":"psp-backend","timestamp":"2025-12-30T01:40:37.589Z"}
{"level":"info","message":"Connected to MongoDB","service":"psp-backend","timestamp":"2025-12-30T01:40:37.630Z"}
{"level":"info","message":"Server running on port 5000","service":"psp-backend","timestamp":"2025-12-30T01:42:59.826Z"}
{"level":"info","message":"Connected to MongoDB","service":"psp-backend","timestamp":"2025-12-30T01:42:59.866Z"}
{"level":"info","message":"Server running on port 5000","service":"psp-backend","timestamp":"2025-12-30T01:44:51.452Z"}
{"level":"info","message":"Connected to MongoDB","service":"psp-backend","timestamp":"2025-12-30T01:44:51.501Z"}
{"level":"info","message":"Server running on port 5000","service":"psp-backend","timestamp":"2025-12-30T01:44:55.645Z"}
{"level":"info","message":"Connected to MongoDB","service":"psp-backend","timestamp":"2025-12-30T01:44:55.709Z"}
{"level":"info","message":"Server running on port 5000","service":"psp-backend","timestamp":"2025-12-30T01:47:48.004Z"}
{"level":"info","message":"Connected to MongoDB","service":"psp-backend","timestamp":"2025-12-30T01:47:48.075Z"}
{"level":"info","message":"Server running on port 5000","service":"psp-backend","timestamp":"2025-12-30T01:47:54.530Z"}
{"level":"info","message":"Connected to MongoDB","service":"psp-backend","timestamp":"2025-12-30T01:47:54.577Z"}
{"level":"info","message":"Server running on port 5000","service":"psp-backend","timestamp":"2025-12-30T01:53:57.740Z"}
{"level":"info","message":"Connected to MongoDB","service":"psp-backend","timestamp":"2025-12-30T01:53:57.778Z"}
{"level":"info","message":"Server running on port 5000","service":"psp-backend","timestamp":"2025-12-30T01:56:22.166Z"}
{"level":"info","message":"Connected to MongoDB","service":"psp-backend","timestamp":"2025-12-30T01:56:22.206Z"}
{"level":"info","message":"Server running on port 5000","service":"psp-backend","timestamp":"2025-12-30T01:56:42.930Z"}
{"level":"info","message":"Connected to MongoDB","service":"psp-backend","timestamp":"2025-12-30T01:56:42.969Z"}
{"level":"info","message":"Server running on port 5000","service":"psp-backend","timestamp":"2025-12-30T03:44:00.293Z"}
{"level":"info","message":"Connected to MongoDB","service":"psp-backend","timestamp":"2025-12-30T03:44:00.585Z"}
{"level":"info","message":"Server running on port 5000","service":"psp-backend","timestamp":"2025-12-31T21:40:53.687Z"}
{"level":"info","message":"Connected to MongoDB","service":"psp-backend","timestamp":"2025-12-31T21:40:53.946Z"}
{"level":"info","message":"Server running on port 5000","service":"psp-backend","timestamp":"2025-12-31T23:26:57.186Z"}
{"level":"info","message":"Connected to MongoDB","service":"psp-backend","timestamp":"2025-12-31T23:26:57.313Z"}
{"level":"info","message":"Server running on port 5000","service":"psp-backend","timestamp":"2026-01-01T01:05:04.510Z"}
{"level":"info","message":"Connected to MongoDB","service":"psp-backend","timestamp":"2026-01-01T01:05:04.696Z"}
{"level":"info","message":"Server running on port 5000","service":"psp-backend","timestamp":"2026-01-01T01:09:55.933Z"}
{"level":"info","message":"Connected to MongoDB","service":"psp-backend","timestamp":"2026-01-01T01:09:56.246Z"}
{"level":"info","message":"Server running on port 5000","service":"psp-backend","timestamp":"2026-01-01T01:15:47.336Z"}
{"level":"info","message":"Connected to MongoDB","service":"psp-backend","timestamp":"2026-01-01T01:15:47.721Z"}
{"level":"info","message":"Server running on port 5000","service":"psp-backend","timestamp":"2026-01-01T01:20:54.518Z"}
{"level":"info","message":"Connected to MongoDB","service":"psp-backend","timestamp":"2026-01-01T01:20:54.565Z"}
{"level":"info","message":"Server running on port 5000","service":"psp-backend","timestamp":"2026-01-01T01:26:30.849Z"}
{"level":"info","message":"Connected to MongoDB","service":"psp-backend","timestamp":"2026-01-01T01:26:30.907Z"}
{"level":"info","message":"Server running on port 5000","service":"psp-backend","timestamp":"2026-01-01T01:26:45.056Z"}
{"level":"info","message":"Connected to MongoDB","service":"psp-backend","timestamp":"2026-01-01T01:26:45.547Z"}
{"level":"info","message":"Server running on port 5000","service":"psp-backend","timestamp":"2026-01-01T01:28:00.112Z"}
{"level":"info","message":"Connected to MongoDB","service":"psp-backend","timestamp":"2026-01-01T01:28:00.182Z"}
{"level":"info","message":"Server running on port 5000","service":"psp-backend","timestamp":"2026-01-01T01:29:39.810Z"}
{"level":"info","message":"Connected to MongoDB","service":"psp-backend","timestamp":"2026-01-01T01:29:39.936Z"}
{"level":"info","message":"Server running on port 5000","service":"psp-backend","timestamp":"2026-01-01T01:35:13.295Z"}
{"level":"info","message":"Connected to MongoDB","service":"psp-backend","timestamp":"2026-01-01T01:35:13.371Z"}
{"level":"info","message":"Server running on port 5000","service":"psp-backend","timestamp":"2026-01-01T01:35:36.718Z"}
{"level":"info","message":"Connected to MongoDB","service":"psp-backend","timestamp":"2026-01-01T01:35:36.817Z"}
{"level":"info","message":"Server running on port 5000","service":"psp-backend","timestamp":"2026-01-01T01:37:08.673Z"}
{"level":"info","message":"Connected to MongoDB","service":"psp-backend","timestamp":"2026-01-01T01:37:08.731Z"}
{"level":"info","message":"Server running on port 5000","service":"psp-backend","timestamp":"2026-01-01T01:40:41.453Z"}
{"level":"info","message":"Connected to MongoDB","service":"psp-backend","timestamp":"2026-01-01T01:40:41.540Z"}
{"level":"info","message":"Server running on port 5000","service":"psp-backend","timestamp":"2026-01-01T12:08:34.862Z"}
{"level":"info","message":"Connected to MongoDB","service":"psp-backend","timestamp":"2026-01-01T12:08:34.998Z"}
{"level":"info","message":"Server running on port 5000","service":"psp-backend","timestamp":"2026-01-02T11:24:24.661Z"}
{"level":"info","message":"Connected to MongoDB","service":"psp-backend","timestamp":"2026-01-02T11:24:24.730Z"}
{"level":"info","message":"Server running on port 5000","service":"psp-backend","timestamp":"2026-01-02T11:54:23.134Z"}
{"level":"info","message":"Connected to MongoDB","service":"psp-backend","timestamp":"2026-01-02T11:54:23.203Z"}
{"level":"info","message":"Server running on port 5000","service":"psp-backend","timestamp":"2026-01-10T11:11:46.173Z"}
{"level":"info","message":"Connected to MongoDB","service":"psp-backend","timestamp":"2026-01-10T11:11:46.221Z"}
{"level":"info","message":"Server running on port 5000","service":"psp-backend","timestamp":"2026-01-10T17:01:04.787Z"}
{"level":"info","message":"Connected to MongoDB","service":"psp-backend","timestamp":"2026-01-10T17:01:04.876Z"}
{"level":"info","message":"Server running on port 5000","service":"psp-backend","timestamp":"2026-01-10T17:01:40.019Z"}
{"level":"info","message":"Connected to MongoDB","service":"psp-backend","timestamp":"2026-01-10T17:01:40.062Z"}
{"level":"info","message":"Server running on port 5000","service":"psp-backend","timestamp":"2026-01-11T12:25:06.714Z"}
{"level":"info","message":"Connected to MongoDB","service":"psp-backend","timestamp":"2026-01-11T12:25:06.777Z"}
{"level":"info","message":"Server running on port 5000","service":"psp-backend","timestamp":"2026-01-11T12:27:14.209Z"}
{"level":"info","message":"Connected to MongoDB","service":"psp-backend","timestamp":"2026-01-11T12:27:14.267Z"}
{"level":"info","message":"Server running on port 5000","service":"psp-backend","timestamp":"2026-01-11T12:30:37.099Z"}
{"level":"info","message":"Connected to MongoDB","service":"psp-backend","timestamp":"2026-01-11T12:30:37.137Z"}
{"level":"info","message":"Server running on port 5000","service":"psp-backend","timestamp":"2026-01-11T12:32:49.910Z"}
{"level":"info","message":"Connected to MongoDB","service":"psp-backend","timestamp":"2026-01-11T12:32:49.962Z"}
{"level":"info","message":"Server running on port 5000","service":"psp-backend","timestamp":"2026-01-11T12:34:26.397Z"}
{"level":"info","message":"Connected to MongoDB","service":"psp-backend","timestamp":"2026-01-11T12:34:26.568Z"}
{"level":"info","message":"Server running on port 5000","service":"psp-backend","timestamp":"2026-01-11T22:26:40.432Z"}
{"level":"info","message":"Connected to MongoDB","service":"psp-backend","timestamp":"2026-01-11T22:26:40.515Z"}
{"level":"info","message":"Server running on port 5000","service":"psp-backend","timestamp":"2026-01-12T10:48:58.367Z"}
{"level":"info","message":"Connected to MongoDB","service":"psp-backend","timestamp":"2026-01-12T10:48:58.423Z"}
{"level":"info","message":"Server running on port 5000","service":"psp-backend","timestamp":"2026-01-13T10:55:30.481Z"}
{"level":"info","message":"Connected to MongoDB","service":"psp-backend","timestamp":"2026-01-13T10:55:30.593Z"}
{"level":"info","message":"Server running on port 5000","service":"psp-backend","timestamp":"2026-01-20T00:25:45.575Z"}
{"level":"info","message":"Connected to MongoDB","service":"psp-backend","timestamp":"2026-01-20T00:25:45.626Z"}
{"level":"info","message":"Server running on port 5000","service":"psp-backend","timestamp":"2026-01-20T00:26:44.352Z"}
{"level":"info","message":"Connected to MongoDB","service":"psp-backend","timestamp":"2026-01-20T00:26:44.448Z"}
{"level":"info","message":"Server running on port 5000","service":"psp-backend","timestamp":"2026-01-20T00:29:24.050Z"}
{"level":"info","message":"Connected to MongoDB","service":"psp-backend","timestamp":"2026-01-20T00:29:24.117Z"}
{"level":"info","message":"Server running on port 5000","service":"psp-backend","timestamp":"2026-01-20T00:30:23.092Z"}
{"level":"info","message":"Connected to MongoDB","service":"psp-backend","timestamp":"2026-01-20T00:30:23.167Z"}
{"level":"info","message":"Server running on port 5000","service":"psp-backend","timestamp":"2026-01-20T00:40:13.953Z"}
{"level":"info","message":"Connected to MongoDB","service":"psp-backend","timestamp":"2026-01-20T00:40:14.017Z"}
{"level":"info","message":"Server running on port 5000","service":"psp-backend","timestamp":"2026-01-20T00:49:09.431Z"}
{"level":"info","message":"Connected to MongoDB","service":"psp-backend","timestamp":"2026-01-20T00:49:09.502Z"}
{"level":"info","message":"Server running on port 5000","service":"psp-backend","timestamp":"2026-01-26T21:45:39.372Z"}
{"level":"info","message":"Connected to MongoDB","service":"psp-backend","timestamp":"2026-01-26T21:45:39.472Z"}
{"level":"info","message":"Server running on port 5000","service":"psp-backend","timestamp":"2026-01-26T21:47:31.922Z"}
{"level":"info","message":"Connected to MongoDB","service":"psp-backend","timestamp":"2026-01-26T21:47:32.004Z"}
{"level":"info","message":"Server running on port 5000","service":"psp-backend","timestamp":"2026-01-26T21:57:23.665Z"}
{"level":"info","message":"Connected to MongoDB","service":"psp-backend","timestamp":"2026-01-26T21:57:23.741Z"}
{"level":"info","message":"Server running on port 5000","service":"psp-backend","timestamp":"2026-01-26T21:57:48.439Z"}
{"level":"info","message":"Connected to MongoDB","service":"psp-backend","timestamp":"2026-01-26T21:57:48.513Z"}
{"level":"info","message":"Server running on port 5000","service":"psp-backend","timestamp":"2026-01-27T20:14:02.339Z"}
{"level":"info","message":"Connected to MongoDB","service":"psp-backend","timestamp":"2026-01-27T20:14:02.561Z"}
{"level":"info","message":"Server running on port 5000","service":"psp-backend","timestamp":"2026-01-27T20:56:47.804Z"}
{"level":"info","message":"Connected to MongoDB","service":"psp-backend","timestamp":"2026-01-27T20:56:48.034Z"}
{"level":"info","message":"Server running on port 5000","service":"psp-backend","timestamp":"2026-01-28T19:31:57.156Z"}
{"level":"info","message":"Connected to MongoDB","service":"psp-backend","timestamp":"2026-01-28T19:31:57.203Z"}
{"level":"info","message":"Server running on port 5000","service":"psp-backend","timestamp":"2026-01-28T19:34:55.513Z"}
{"level":"info","message":"Connected to MongoDB","service":"psp-backend","timestamp":"2026-01-28T19:34:55.561Z"}
{"level":"info","message":"Server running on port 5000","service":"psp-backend","timestamp":"2026-01-28T19:39:08.634Z"}
{"level":"info","message":"Connected to MongoDB","service":"psp-backend","timestamp":"2026-01-28T19:39:08.711Z"}
{"level":"info","message":"Server running on port 5000","service":"psp-backend","timestamp":"2026-01-28T19:40:26.417Z"}
{"level":"info","message":"Connected to MongoDB","service":"psp-backend","timestamp":"2026-01-28T19:40:26.464Z"}
{"level":"info","message":"Server running on port 5000","service":"psp-backend","timestamp":"2026-01-28T19:41:48.254Z"}
{"level":"info","message":"Connected to MongoDB","service":"psp-backend","timestamp":"2026-01-28T19:41:48.304Z"}
{"level":"info","message":"Server running on port 5000","service":"psp-backend","timestamp":"2026-01-28T21:03:39.867Z"}
{"level":"info","message":"Connected to MongoDB","service":"psp-backend","timestamp":"2026-01-28T21:03:39.936Z"}
{"level":"info","message":"Server running on port 5000","service":"psp-backend","timestamp":"2026-01-28T21:06:09.216Z"}
{"level":"info","message":"Connected to MongoDB","service":"psp-backend","timestamp":"2026-01-28T21:06:09.492Z"}
{"level":"info","message":"Server running on port 5000","service":"psp-backend","timestamp":"2026-01-28T21:09:04.897Z"}
{"level":"info","message":"Connected to MongoDB","service":"psp-backend","timestamp":"2026-01-28T21:09:04.935Z"}
{"level":"info","message":"Server running on port 5000","service":"psp-backend","timestamp":"2026-01-28T21:14:11.481Z"}
{"level":"info","message":"Connected to MongoDB","service":"psp-backend","timestamp":"2026-01-28T21:14:11.518Z"}
{"level":"info","message":"Server running on port 5000","service":"psp-backend","timestamp":"2026-01-28T21:16:19.073Z"}
{"level":"info","message":"Connected to MongoDB","service":"psp-backend","timestamp":"2026-01-28T21:16:19.129Z"}
{"level":"info","message":"Server running on port 5000","service":"psp-backend","timestamp":"2026-01-28T21:19:10.173Z"}
{"level":"info","message":"Connected to MongoDB","service":"psp-backend","timestamp":"2026-01-28T21:19:10.241Z"}
{"level":"info","message":"Server running on port 5000","service":"psp-backend","timestamp":"2026-01-28T22:16:50.926Z"}
{"level":"info","message":"Connected to MongoDB","service":"psp-backend","timestamp":"2026-01-28T22:16:51.023Z"}
{"level":"info","message":"Server running on port 5000","service":"psp-backend","timestamp":"2026-01-29T12:04:39.018Z"}
{"level":"info","message":"Connected to MongoDB","service":"psp-backend","timestamp":"2026-01-29T12:04:39.117Z"}
{"level":"info","message":"Server running on port 5000","service":"psp-backend","timestamp":"2026-01-29T20:05:40.741Z"}
{"level":"info","message":"Connected to MongoDB","service":"psp-backend","timestamp":"2026-01-29T20:05:40.775Z"}
{"level":"info","message":"Server running on port 5000","service":"psp-backend","timestamp":"2026-01-29T20:23:53.397Z"}
{"level":"info","message":"Connected to MongoDB","service":"psp-backend","timestamp":"2026-01-29T20:23:53.489Z"}
{"level":"info","message":"Server running on port 5000","service":"psp-backend","timestamp":"2026-01-29T20:27:42.588Z"}
{"level":"info","message":"Connected to MongoDB","service":"psp-backend","timestamp":"2026-01-29T20:27:42.730Z"}
{"level":"info","message":"Server running on port 5000","service":"psp-backend","timestamp":"2026-01-29T20:28:15.669Z"}
{"level":"info","message":"Connected to MongoDB","service":"psp-backend","timestamp":"2026-01-29T20:28:15.724Z"}
{"level":"info","message":"Server running on port 5000","service":"psp-backend","timestamp":"2026-01-29T20:31:46.553Z"}
{"level":"info","message":"Connected to MongoDB","service":"psp-backend","timestamp":"2026-01-29T20:31:46.597Z"}
{"level":"info","message":"Server running on port 5000","service":"psp-backend","timestamp":"2026-01-29T20:45:41.488Z"}
{"level":"info","message":"Connected to MongoDB","service":"psp-backend","timestamp":"2026-01-29T20:45:41.530Z"}
{"level":"info","message":"Server running on port 5000","service":"psp-backend","timestamp":"2026-01-29T20:55:22.195Z"}
{"level":"info","message":"Connected to MongoDB","service":"psp-backend","timestamp":"2026-01-29T20:55:22.411Z"}
{"level":"info","message":"Server running on port 5000","service":"psp-backend","timestamp":"2026-01-29T21:46:52.877Z"}
{"level":"info","message":"Connected to MongoDB","service":"psp-backend","timestamp":"2026-01-29T21:46:52.948Z"}
{"level":"info","message":"Server running on port 5000","service":"psp-backend","timestamp":"2026-01-29T21:52:26.468Z"}
{"level":"info","message":"Connected to MongoDB","service":"psp-backend","timestamp":"2026-01-29T21:52:26.502Z"}
{"level":"info","message":"Server running on port 5000","service":"psp-backend","timestamp":"2026-01-29T22:06:18.187Z"}
{"level":"info","message":"Connected to MongoDB","service":"psp-backend","timestamp":"2026-01-29T22:06:18.251Z"}
{"level":"info","message":"Server running on port 5000","service":"psp-backend","timestamp":"2026-01-29T22:09:34.772Z"}
{"level":"info","message":"Connected to MongoDB","service":"psp-backend","timestamp":"2026-01-29T22:09:34.815Z"}
{"level":"info","message":"Server running on port 5000","service":"psp-backend","timestamp":"2026-01-29T22:12:52.566Z"}
{"level":"info","message":"Connected to MongoDB","service":"psp-backend","timestamp":"2026-01-29T22:12:52.600Z"}
{"level":"info","message":"Server running on port 5000","service":"psp-backend","timestamp":"2026-01-29T22:17:23.248Z"}
{"level":"info","message":"Connected to MongoDB","service":"psp-backend","timestamp":"2026-01-29T22:17:23.325Z"}
{"level":"info","message":"Server running on port 5000","service":"psp-backend","timestamp":"2026-01-29T22:20:55.475Z"}
{"level":"info","message":"Connected to MongoDB","service":"psp-backend","timestamp":"2026-01-29T22:20:55.519Z"}
{"level":"info","message":"Server running on port 5000","service":"psp-backend","timestamp":"2026-01-30T10:35:14.147Z"}
{"level":"info","message":"Connected to MongoDB","service":"psp-backend","timestamp":"2026-01-30T10:35:14.194Z"}
{"level":"info","message":"Server running on port 5000","service":"psp-backend","timestamp":"2026-01-30T12:32:05.149Z"}
{"level":"info","message":"Connected to MongoDB","service":"psp-backend","timestamp":"2026-01-30T12:32:05.190Z"}
{"level":"info","message":"Server running on port 5000","service":"psp-backend","timestamp":"2026-02-05T12:31:02.034Z"}
{"level":"info","message":"Connected to MongoDB","service":"psp-backend","timestamp":"2026-02-05T12:31:02.067Z"}
{"level":"info","message":"Server running on port 5000","service":"psp-backend","timestamp":"2026-03-10T08:58:34.654Z"}
{"level":"info","message":"Connected to MongoDB","service":"psp-backend","timestamp":"2026-03-10T08:58:34.755Z"}
